<?xml version="1.0" encoding="UTF-8" ?>
<testsuite errors="0" failures="0" hostname="vcas-digst" name="dk.itst.oiosaml.sp.service.LogoutServiceSOAPHandlerTest" tests="4" time="0.25" timestamp="2013-08-30T08:29:19">
  <properties>
[...]
</properties>
  <testcase classname="dk.itst.oiosaml.sp.service.LogoutServiceSOAPHandlerTest" name="failWhenBodyIsNotSoap" time="0.031" />
  <testcase classname="dk.itst.oiosaml.sp.service.LogoutServiceSOAPHandlerTest" name="testSoapRequestWithSignature" time="0.031" />
  <testcase classname="dk.itst.oiosaml.sp.service.LogoutServiceSOAPHandlerTest" name="testWsdl" time="0.078" />
  <testcase classname="dk.itst.oiosaml.sp.service.LogoutServiceSOAPHandlerTest" name="testSoapRequest" time="0.047" />
  <system-out><![CDATA[]]></system-out>
  <system-err><![CDATA[[Fatal Error] :1:1: Content is not allowed in prolog.
]]></system-err>
</testsuite>
